<?xml version="1.0" encoding="utf-8"?>
<shfbBuild product="Sandcastle Help File Builder" version="2015.1.12.0" projectFile="C:\Users\Sandy\My Own\program TA\PROGRAM\emotivengineclient-37327\EmoEngineClientLibrary\Documentation\Documentation.shfbproj" started="5/21/2015 11:23:24 AM">
<buildStep step="Initializing">
Finding tools...
The Sandcastle tools are located in &#39;C:\Program Files (x86)\EWSoftware\Sandcastle Help File Builder\&#39;
Locating components in the following folder(s):
   C:\Users\Sandy\My Own\program TA\PROGRAM\emotivengineclient-37327\EmoEngineClientLibrary\Documentation
Using presentation style &#39;VS2005&#39; located in &#39;C:\Program Files (x86)\EWSoftware\Sandcastle Help File Builder\PresentationStyles\VS2005&#39;
</buildStep>
<buildStep step="ValidatingDocumentationSources">
Validating and copying documentation source information
Source: C:\Users\Sandy\My Own\program TA\PROGRAM\emotivengineclient-37327\EmoEngineControlLibrary\EmoEngineControlLibrary.csproj
    Found project &#39;C:\Users\Sandy\My Own\program TA\PROGRAM\emotivengineclient-37327\EmoEngineControlLibrary\EmoEngineControlLibrary.csproj&#39;
Source: C:\Users\Sandy\My Own\program TA\PROGRAM\emotivengineclient-37327\EmoEngineClientLibrary\EmoEngineClientLibrary\EmoEngineClientLibrary.csproj
    Found project &#39;C:\Users\Sandy\My Own\program TA\PROGRAM\emotivengineclient-37327\EmoEngineClientLibrary\EmoEngineClientLibrary\EmoEngineClientLibrary.csproj&#39;

Parsing project files
    Last step completed in 00:00:01.6751
</buildStep>
<buildStep step="Failed">

SHFB: Error BE0040: Project assembly does not exist: C:\Users\Sandy\My Own\program TA\PROGRAM\emotivengineclient-37327\EmoEngineControlLibrary\bin\Debug\EmoEngineControlLibrary.dll
   at SandcastleBuilder.Utils.BuildEngine.BuildProcess.ValidateDocumentationSources()
   at SandcastleBuilder.Utils.BuildEngine.BuildProcess.Build()

</buildStep>
</shfbBuild>
